<?xml version="1.0" encoding="UTF-8"?>
<!-- Generated by org.testng.reporters.JUnitReportReporter -->
<testsuite hostname="FVATECNOLOGIA" failures="0" tests="1" name="com.google.qa.FirstTest" time="15.804" errors="0" timestamp="14 ene. 2023 17:51:51 GMT" skipped="0">
  <testcase classname="com.google.qa.FirstTest" name="f" time="15.804"/>
</testsuite> <!-- com.google.qa.FirstTest -->
