<?xml version="1.0" encoding="UTF-8"?>
<!-- Generated by org.testng.reporters.JUnitReportReporter -->
<testsuite hostname="FVATECNOLOGIA" failures="0" tests="1" name="com.ActividadSelenium.TesCaseStore" time="7.260" errors="0" timestamp="25 feb. 2023 19:18:41 GMT" skipped="0">
  <testcase classname="com.ActividadSelenium.TesCaseStore" name="f" time="7.260"/>
</testsuite> <!-- com.ActividadSelenium.TesCaseStore -->
